<?xml version="1.0" encoding="UTF-8"?>
<!-- Generated by org.testng.reporters.JUnitXMLReporter -->
<testsuite ignored="6" hostname="LAPTOP-SRG2U73H" failures="0" tests="1" name="Default test" time="2.338" errors="0" timestamp="2024-01-10T12:37:37 ART">
  <testcase classname="org.educacionit.selenium.claseCinco.AutomationTestWithPom" name="testTabla" time="2.308"/>
  <testcase classname="org.educacionit.selenium.claseCinco.AutomationTestWithPom" name="testConParametros" time="0.0">
    <ignored/>
  </testcase> <!-- testConParametros -->
  <testcase classname="org.educacionit.selenium.claseCinco.AutomationTestWithPom" name="testSignInInvalidEmail" time="0.0">
    <ignored/>
  </testcase> <!-- testSignInInvalidEmail -->
  <testcase classname="org.educacionit.selenium.claseCinco.AutomationTestWithPom" name="testSignInDuplicateEmail" time="0.0">
    <ignored/>
  </testcase> <!-- testSignInDuplicateEmail -->
  <testcase classname="org.educacionit.selenium.claseCinco.AutomationTestWithPom" name="testSignInSuccesfull" time="0.0">
    <ignored/>
  </testcase> <!-- testSignInSuccesfull -->
  <testcase classname="org.educacionit.selenium.claseCinco.AutomationTestWithPom" name="testSignInEmptyEmail" time="0.0">
    <ignored/>
  </testcase> <!-- testSignInEmptyEmail -->
  <testcase classname="org.educacionit.selenium.claseCinco.AutomationTestWithPom" name="testAlerta" time="0.0">
    <ignored/>
  </testcase> <!-- testAlerta -->
</testsuite> <!-- Default test -->
