<?xml version="1.0" encoding="UTF-8"?>
<!-- Generated by org.testng.reporters.JUnitXMLReporter -->
<testsuite ignored="1" hostname="LAPTOP-SRG2U73H" failures="0" tests="1" name="Default test" time="14.454" errors="0" timestamp="2024-01-08T10:25:56 ART">
  <testcase classname="org.educacionit.selenium.claseCuatro.tests.AutomationTest" name="testSignIn" time="14.363"/>
  <testcase classname="org.educacionit.selenium.claseCuatro.tests.AutomationTest" name="testSignInExistingEmail" time="0.0">
    <ignored/>
  </testcase> <!-- testSignInExistingEmail -->
</testsuite> <!-- Default test -->
