<?xml version="1.0" encoding="UTF-8"?>
<testng-results ignored="6" total="7" passed="1" failed="0" skipped="0">
  <reporter-output>
  </reporter-output>
  <suite started-at="2024-01-10T12:37:34 ART" name="Default suite" finished-at="2024-01-10T12:37:37 ART" duration-ms="2338">
    <groups>
    </groups>
    <test started-at="2024-01-10T12:37:34 ART" name="Default test" finished-at="2024-01-10T12:37:37 ART" duration-ms="2338">
      <class name="org.educacionit.selenium.claseCinco.AutomationTestWithPom">
        <test-method signature="testTabla()[pri:0, instance:org.educacionit.selenium.claseCinco.AutomationTestWithPom@1a942c18]" started-at="2024-01-10T12:37:34 ART" name="testTabla" finished-at="2024-01-10T12:37:37 ART" duration-ms="2308" status="PASS">
          <reporter-output>
          </reporter-output>
        </test-method> <!-- testTabla -->
      </class> <!-- org.educacionit.selenium.claseCinco.AutomationTestWithPom -->
    </test> <!-- Default test -->
  </suite> <!-- Default suite -->
</testng-results>
