<?xml version="1.0" encoding="UTF-8"?>
<testng-results ignored="1" total="2" passed="1" failed="0" skipped="0">
  <reporter-output>
  </reporter-output>
  <suite started-at="2024-01-08T10:25:41 ART" name="Default suite" finished-at="2024-01-08T10:25:56 ART" duration-ms="14454">
    <groups>
    </groups>
    <test started-at="2024-01-08T10:25:41 ART" name="Default test" finished-at="2024-01-08T10:25:56 ART" duration-ms="14454">
      <class name="org.educacionit.selenium.claseCuatro.tests.AutomationTest">
        <test-method signature="testSignIn()[pri:0, instance:org.educacionit.selenium.claseCuatro.tests.AutomationTest@2e6a8155]" started-at="2024-01-08T10:25:41 ART" name="testSignIn" finished-at="2024-01-08T10:25:56 ART" duration-ms="14363" status="PASS">
          <reporter-output>
          </reporter-output>
        </test-method> <!-- testSignIn -->
      </class> <!-- org.educacionit.selenium.claseCuatro.tests.AutomationTest -->
    </test> <!-- Default test -->
  </suite> <!-- Default suite -->
</testng-results>
